This is pdfTeX, Version 3.14159265-2.6-1.40.16 (TeX Live 2015/Debian) (preloaded format=pdflatex 2017.9.21)  2 DEC 2017 23:03
entering extended mode
 restricted \write18 enabled.
 %&-line parsing enabled.
**report_a.tex
(./report_a.tex
LaTeX2e <2016/02/01>
Babel <3.9q> and hyphenation patterns for 81 language(s) loaded.
(/usr/share/texlive/texmf-dist/tex/latex/base/article.cls
Document Class: article 2014/09/29 v1.4h Standard LaTeX document class
(/usr/share/texlive/texmf-dist/tex/latex/base/size10.clo
File: size10.clo 2014/09/29 v1.4h Standard LaTeX file (size option)
)
\c@part=\count79
\c@section=\count80
\c@subsection=\count81
\c@subsubsection=\count82
\c@paragraph=\count83
\c@subparagraph=\count84
\c@figure=\count85
\c@table=\count86
\abovecaptionskip=\skip41
\belowcaptionskip=\skip42
\bibindent=\dimen102
)
(/usr/share/texlive/texmf-dist/tex/latex/geometry/geometry.sty
Package: geometry 2010/09/12 v5.6 Page Geometry

(/usr/share/texlive/texmf-dist/tex/latex/graphics/keyval.sty
Package: keyval 2014/10/28 v1.15 key=value parser (DPC)
\KV@toks@=\toks14
)
(/usr/share/texlive/texmf-dist/tex/generic/oberdiek/ifpdf.sty
Package: ifpdf 2011/01/30 v2.3 Provides the ifpdf switch (HO)
Package ifpdf Info: pdfTeX in PDF mode is detected.
)
(/usr/share/texlive/texmf-dist/tex/generic/oberdiek/ifvtex.sty
Package: ifvtex 2010/03/01 v1.5 Detect VTeX and its facilities (HO)
Package ifvtex Info: VTeX not detected.
)
(/usr/share/texlive/texmf-dist/tex/generic/ifxetex/ifxetex.sty
Package: ifxetex 2010/09/12 v0.6 Provides ifxetex conditional
)
\Gm@cnth=\count87
\Gm@cntv=\count88
\c@Gm@tempcnt=\count89
\Gm@bindingoffset=\dimen103
\Gm@wd@mp=\dimen104
\Gm@odd@mp=\dimen105
\Gm@even@mp=\dimen106
\Gm@layoutwidth=\dimen107
\Gm@layoutheight=\dimen108
\Gm@layouthoffset=\dimen109
\Gm@layoutvoffset=\dimen110
\Gm@dimlist=\toks15
)
(/usr/share/texlive/texmf-dist/tex/latex/graphics/graphicx.sty
Package: graphicx 2014/10/28 v1.0g Enhanced LaTeX Graphics (DPC,SPQR)

(/usr/share/texlive/texmf-dist/tex/latex/graphics/graphics.sty
Package: graphics 2016/01/03 v1.0q Standard LaTeX Graphics (DPC,SPQR)

(/usr/share/texlive/texmf-dist/tex/latex/graphics/trig.sty
Package: trig 2016/01/03 v1.10 sin cos tan (DPC)
)
(/usr/share/texlive/texmf-dist/tex/latex/latexconfig/graphics.cfg
File: graphics.cfg 2010/04/23 v1.9 graphics configuration of TeX Live
)
Package graphics Info: Driver file: pdftex.def on input line 95.

(/usr/share/texlive/texmf-dist/tex/latex/pdftex-def/pdftex.def
File: pdftex.def 2011/05/27 v0.06d Graphics/color for pdfTeX

(/usr/share/texlive/texmf-dist/tex/generic/oberdiek/infwarerr.sty
Package: infwarerr 2010/04/08 v1.3 Providing info/warning/error messages (HO)
)
(/usr/share/texlive/texmf-dist/tex/generic/oberdiek/ltxcmds.sty
Package: ltxcmds 2011/11/09 v1.22 LaTeX kernel commands for general use (HO)
)
\Gread@gobject=\count90
))
\Gin@req@height=\dimen111
\Gin@req@width=\dimen112
)
(/usr/share/texlive/texmf-dist/tex/latex/adjustbox/adjustbox.sty
Package: adjustbox 2012/05/21 v1.0 Adjusting TeX boxes (trim, clip, ...)

(/usr/share/texlive/texmf-dist/tex/latex/xkeyval/xkeyval.sty
Package: xkeyval 2014/12/03 v2.7a package option processing (HA)

(/usr/share/texlive/texmf-dist/tex/generic/xkeyval/xkeyval.tex
(/usr/share/texlive/texmf-dist/tex/generic/xkeyval/xkvutils.tex
\XKV@toks=\toks16
\XKV@tempa@toks=\toks17
)
\XKV@depth=\count91
File: xkeyval.tex 2014/12/03 v2.7a key=value parser (HA)
))
(/usr/share/texlive/texmf-dist/tex/latex/adjustbox/adjcalc.sty
Package: adjcalc 2012/05/16 v1.1 Provides advanced setlength with multiple back
-ends (calc, etex, pgfmath)
)
(/usr/share/texlive/texmf-dist/tex/latex/adjustbox/trimclip.sty
Package: trimclip 2012/05/16 v1.0 Trim and clip general TeX material

(/usr/share/texlive/texmf-dist/tex/latex/collectbox/collectbox.sty
Package: collectbox 2012/05/17 v0.4b Collect macro arguments as boxes
\collectedbox=\box26
)
\tc@llx=\dimen113
\tc@lly=\dimen114
\tc@urx=\dimen115
\tc@ury=\dimen116
Package trimclip Info: Using driver 'tc-pdftex.def'.

(/usr/share/texlive/texmf-dist/tex/latex/adjustbox/tc-pdftex.def
File: tc-pdftex.def 2012/05/13 v1.0 Clipping driver for pdftex
))
\adjbox@Width=\dimen117
\adjbox@Height=\dimen118
\adjbox@Depth=\dimen119
\adjbox@Totalheight=\dimen120

(/usr/share/texlive/texmf-dist/tex/latex/ifoddpage/ifoddpage.sty
Package: ifoddpage 2011/09/13 v1.0 Conditionals for odd/even page detection
\c@checkoddpage=\count92
)
(/usr/share/texlive/texmf-dist/tex/latex/varwidth/varwidth.sty
Package: varwidth 2009/03/30 ver 0.92;  Variable-width minipages
\@vwid@box=\box27
\sift@deathcycles=\count93
\@vwid@loff=\dimen121
\@vwid@roff=\dimen122
))
(/usr/share/texlive/texmf-dist/tex/latex/float/float.sty
Package: float 2001/11/08 v1.3d Float enhancements (AL)
\c@float@type=\count94
\float@exts=\toks18
\float@box=\box28
\@float@everytoks=\toks19
\@floatcapt=\box29
)
(/usr/share/texlive/texmf-dist/tex/latex/placeins/placeins.sty
Package: placeins 2005/04/18  v 2.2
)
(/usr/share/texlive/texmf-dist/tex/latex/hyphenat/hyphenat.sty
Package: hyphenat 2009/09/02 v2.3c hyphenation utilities
\langwohyphens=\language81
LaTeX Info: Redefining \_ on input line 43.
)
(/usr/share/texlive/texmf-dist/tex/latex/amsmath/amsmath.sty
Package: amsmath 2016/03/03 v2.15a AMS math features
\@mathmargin=\skip43

For additional information on amsmath, use the `?' option.
(/usr/share/texlive/texmf-dist/tex/latex/amsmath/amstext.sty
Package: amstext 2000/06/29 v2.01 AMS text

(/usr/share/texlive/texmf-dist/tex/latex/amsmath/amsgen.sty
File: amsgen.sty 1999/11/30 v2.0 generic functions
\@emptytoks=\toks20
\ex@=\dimen123
))
(/usr/share/texlive/texmf-dist/tex/latex/amsmath/amsbsy.sty
Package: amsbsy 1999/11/29 v1.2d Bold Symbols
\pmbraise@=\dimen124
)
(/usr/share/texlive/texmf-dist/tex/latex/amsmath/amsopn.sty
Package: amsopn 1999/12/14 v2.01 operator names
)
\inf@bad=\count95
LaTeX Info: Redefining \frac on input line 199.
\uproot@=\count96
\leftroot@=\count97
LaTeX Info: Redefining \overline on input line 297.
\classnum@=\count98
\DOTSCASE@=\count99
LaTeX Info: Redefining \ldots on input line 394.
LaTeX Info: Redefining \dots on input line 397.
LaTeX Info: Redefining \cdots on input line 518.
\Mathstrutbox@=\box30
\strutbox@=\box31
\big@size=\dimen125
LaTeX Font Info:    Redeclaring font encoding OML on input line 630.
LaTeX Font Info:    Redeclaring font encoding OMS on input line 631.
\macc@depth=\count100
\c@MaxMatrixCols=\count101
\dotsspace@=\muskip10
\c@parentequation=\count102
\dspbrk@lvl=\count103
\tag@help=\toks21
\row@=\count104
\column@=\count105
\maxfields@=\count106
\andhelp@=\toks22
\eqnshift@=\dimen126
\alignsep@=\dimen127
\tagshift@=\dimen128
\tagwidth@=\dimen129
\totwidth@=\dimen130
\lineht@=\dimen131
\@envbody=\toks23
\multlinegap=\skip44
\multlinetaggap=\skip45
\mathdisplay@stack=\toks24
LaTeX Info: Redefining \[ on input line 2735.
LaTeX Info: Redefining \] on input line 2736.
)
(/usr/share/texlive/texmf-dist/tex/latex/datetime/datetime.sty
Package: datetime 2015/03/20 v2.60 Date Time Package

(/usr/share/texlive/texmf-dist/tex/latex/etoolbox/etoolbox.sty
Package: etoolbox 2015/08/02 v2.2a e-TeX tools for LaTeX (JAW)
\etb@tempcnta=\count107
)
(/usr/share/texlive/texmf-dist/tex/latex/fmtcount/fmtcount.sty
Package: fmtcount 2015/05/05 v3.01

(/usr/share/texlive/texmf-dist/tex/latex/base/ifthen.sty
Package: ifthen 2014/09/29 v1.1c Standard LaTeX ifthen package (DPC)
)
(/usr/share/texlive/texmf-dist/tex/latex/fmtcount/fcprefix.sty
Package: fcprefix 2012/09/28

(/usr/share/texlive/texmf-dist/tex/latex/fmtcount/fcnumparser.sty
Package: fcnumparser 2012/09/28
\fc@digit@counter=\count108
))
\c@padzeroesN=\count109
\fc@tmpcatcode=\count110
\@DT@modctr=\count111
\@ordinalctr=\count112
\@orgargctr=\count113
\@strctr=\count114
\@tmpstrctr=\count115
\@DT@loopN=\count116
\@DT@X=\count117

(/usr/share/texlive/texmf-dist/tex/latex/fmtcount/fc-english.def
File: fc-english.def 2013/08/17
))
(/usr/share/texlive/texmf-dist/tex/latex/datetime/datetime-defaults.sty
Package: datetime-defaults 2013/09/10
)
\@day=\count118
\@month=\count119
\@year=\count120
\c@HOUR=\count121
\c@HOURXII=\count122
\c@MINUTE=\count123
\c@TOHOUR=\count124
\c@TOMINUTE=\count125
\c@SECOND=\count126
\currenthour=\count127
\currentminute=\count128
\currentsecond=\count129
Package datetime Info: No datetime.cfg file found, using default settings on in
put line 308.
\@dtctr=\count130
\dayofyear=\count131
\dayofweek=\count132
LaTeX Info: Redefining \today on input line 736.
\dt@a=\toks25
\dt@b=\toks26
)
(/usr/share/texlive/texmf-dist/tex/latex/titlesec/titlesec.sty
Package: titlesec 2016/03/15 v2.10.1 Sectioning titles
\ttl@box=\box32
\beforetitleunit=\skip46
\aftertitleunit=\skip47
\ttl@plus=\dimen132
\ttl@minus=\dimen133
\ttl@toksa=\toks27
\titlewidth=\dimen134
\titlewidthlast=\dimen135
\titlewidthfirst=\dimen136
)
(/usr/share/texlive/texmf-dist/tex/latex/standalone/standalone.sty
Package: standalone 2015/07/15 v1.2 Package to include TeX sub-files with pream
bles

(/usr/share/texlive/texmf-dist/tex/generic/oberdiek/ifluatex.sty
Package: ifluatex 2010/03/01 v1.3 Provides the ifluatex switch (HO)
Package ifluatex Info: LuaTeX not detected.
)
(/usr/share/texlive/texmf-dist/tex/latex/currfile/currfile.sty
Package: currfile 2013/02/01 v0.7b Provides the file path elements of the curre
nt input file

(/usr/share/texlive/texmf-dist/tex/latex/oberdiek/kvoptions.sty
Package: kvoptions 2011/06/30 v3.11 Key value format for package options (HO)

(/usr/share/texlive/texmf-dist/tex/generic/oberdiek/kvsetkeys.sty
Package: kvsetkeys 2012/04/25 v1.16 Key value parser (HO)

(/usr/share/texlive/texmf-dist/tex/generic/oberdiek/etexcmds.sty
Package: etexcmds 2011/02/16 v1.5 Avoid name clashes with e-TeX commands (HO)
Package etexcmds Info: Could not find \expanded.
(etexcmds)             That can mean that you are not using pdfTeX 1.50 or
(etexcmds)             that some package has redefined \expanded.
(etexcmds)             In the latter case, load this package earlier.
)))
(/usr/share/texlive/texmf-dist/tex/latex/filehook/filehook.sty
Package: filehook 2011/10/12 v0.5d Hooks for input files
)
\c@currfiledepth=\count133
)
(/usr/share/texlive/texmf-dist/tex/latex/gincltex/gincltex.sty
(/usr/share/texlive/texmf-dist/tex/latex/svn-prov/svn-prov.sty
Package: svn-prov 2010/04/24 v3.1862 Package Date/Version from SVN Keywords
)
Package: gincltex 2011/09/04 v0.3 Include external LaTeX files like graphics
\gincltex@box=\box33
)
(/usr/share/texlive/texmf-dist/tex/latex/filemod/filemod-expmin.sty
Package: filemod-expmin 2011/09/19 v1.2 Get and compare file modification times
 (expandable; minimal)
))

LaTeX Warning: Unused global option(s):
    [times].

(./report_a.aux)
\openout1 = `report_a.aux'.

LaTeX Font Info:    Checking defaults for OML/cmm/m/it on input line 14.
LaTeX Font Info:    ... okay on input line 14.
LaTeX Font Info:    Checking defaults for T1/cmr/m/n on input line 14.
LaTeX Font Info:    ... okay on input line 14.
LaTeX Font Info:    Checking defaults for OT1/cmr/m/n on input line 14.
LaTeX Font Info:    ... okay on input line 14.
LaTeX Font Info:    Checking defaults for OMS/cmsy/m/n on input line 14.
LaTeX Font Info:    ... okay on input line 14.
LaTeX Font Info:    Checking defaults for OMX/cmex/m/n on input line 14.
LaTeX Font Info:    ... okay on input line 14.
LaTeX Font Info:    Checking defaults for U/cmr/m/n on input line 14.
LaTeX Font Info:    ... okay on input line 14.

*geometry* driver: auto-detecting
*geometry* detected driver: pdftex
*geometry* verbose mode - [ preamble ] result:
* driver: pdftex
* paper: <default>
* layout: <same size as paper>
* layoutoffset:(h,v)=(0.0pt,0.0pt)
* modes: 
* h-part:(L,W,R)=(72.26999pt, 469.75502pt, 72.26999pt)
* v-part:(T,H,B)=(72.26999pt, 650.43001pt, 72.26999pt)
* \paperwidth=614.295pt
* \paperheight=794.96999pt
* \textwidth=469.75502pt
* \textheight=650.43001pt
* \oddsidemargin=0.0pt
* \evensidemargin=0.0pt
* \topmargin=-37.0pt
* \headheight=12.0pt
* \headsep=25.0pt
* \topskip=10.0pt
* \footskip=30.0pt
* \marginparwidth=65.0pt
* \marginparsep=11.0pt
* \columnsep=10.0pt
* \skip\footins=9.0pt plus 4.0pt minus 2.0pt
* \hoffset=0.0pt
* \voffset=0.0pt
* \mag=1000
* \@twocolumnfalse
* \@twosidefalse
* \@mparswitchfalse
* \@reversemarginfalse
* (1in=72.27pt=25.4mm, 1cm=28.453pt)

(/usr/share/texlive/texmf-dist/tex/context/base/supp-pdf.mkii
[Loading MPS to PDF converter (version 2006.09.02).]
\scratchcounter=\count134
\scratchdimen=\dimen137
\scratchbox=\box34
\nofMPsegments=\count135
\nofMParguments=\count136
\everyMPshowfont=\toks28
\MPscratchCnt=\count137
\MPscratchDim=\dimen138
\MPnumerator=\count138
\makeMPintoPDFobject=\count139
\everyMPtoPDFconversion=\toks29
) (/usr/share/texlive/texmf-dist/tex/generic/oberdiek/pdftexcmds.sty
Package: pdftexcmds 2011/11/29 v0.20 Utility functions of pdfTeX for LuaTeX (HO
)
Package pdftexcmds Info: LuaTeX not detected.
Package pdftexcmds Info: \pdf@primitive is available.
Package pdftexcmds Info: \pdf@ifprimitive is available.
Package pdftexcmds Info: \pdfdraftmode found.
)
(/usr/share/texlive/texmf-dist/tex/latex/oberdiek/epstopdf-base.sty
Package: epstopdf-base 2010/02/09 v2.5 Base part for package epstopdf

(/usr/share/texlive/texmf-dist/tex/latex/oberdiek/grfext.sty
Package: grfext 2010/08/19 v1.1 Manage graphics extensions (HO)

(/usr/share/texlive/texmf-dist/tex/generic/oberdiek/kvdefinekeys.sty
Package: kvdefinekeys 2011/04/07 v1.3 Define keys (HO)
))
Package grfext Info: Graphics extension search list:
(grfext)             [.png,.pdf,.jpg,.mps,.jpeg,.jbig2,.jb2,.PNG,.PDF,.JPG,.JPE
G,.JBIG2,.JB2,.eps]
(grfext)             \AppendGraphicsExtensions on input line 452.

(/usr/share/texlive/texmf-dist/tex/latex/latexconfig/epstopdf-sys.cfg
File: epstopdf-sys.cfg 2010/07/13 v1.3 Configuration of (r)epstopdf for TeX Liv
e
))
Missing character: There is no ‚ in font cmr17!
Missing character: There is no Ä in font cmr17!
Missing character: There is no ù in font cmr17!
Missing character: There is no ‚ in font cmr10!
Missing character: There is no Ä in font cmr10!
Missing character: There is no ô in font cmr10!

Overfull \hbox (22.63467pt too wide) in paragraph at lines 41--81
 [][] 
 []

[1

{/var/lib/texmf/fonts/map/pdftex/updmap/pdftex.map}] [2]
<../graph/graphs/0.pdf, id=16, 462.52798pt x 346.89601pt>
File: ../graph/graphs/0.pdf Graphic file (type pdf)

<use ../graph/graphs/0.pdf>
Package pdftex.def Info: ../graph/graphs/0.pdf used on input line 152.
(pdftex.def)             Requested size: 469.75502pt x 352.33656pt.

<../graph/graphs/1.pdf, id=17, 462.52798pt x 346.89601pt>
File: ../graph/graphs/1.pdf Graphic file (type pdf)

<use ../graph/graphs/1.pdf>
Package pdftex.def Info: ../graph/graphs/1.pdf used on input line 158.
(pdftex.def)             Requested size: 469.75502pt x 352.33656pt.

<../graph/graphs/2.pdf, id=18, 462.52798pt x 346.89601pt>
File: ../graph/graphs/2.pdf Graphic file (type pdf)

<use ../graph/graphs/2.pdf>
Package pdftex.def Info: ../graph/graphs/2.pdf used on input line 164.
(pdftex.def)             Requested size: 469.75502pt x 352.33656pt.

<../graph/absolute/0.pdf, id=19, 462.52798pt x 346.89601pt>
File: ../graph/absolute/0.pdf Graphic file (type pdf)

<use ../graph/absolute/0.pdf>
Package pdftex.def Info: ../graph/absolute/0.pdf used on input line 171.
(pdftex.def)             Requested size: 469.75502pt x 352.33656pt.

<../graph/absolute/1.pdf, id=20, 462.52798pt x 346.89601pt>
File: ../graph/absolute/1.pdf Graphic file (type pdf)

<use ../graph/absolute/1.pdf>
Package pdftex.def Info: ../graph/absolute/1.pdf used on input line 177.
(pdftex.def)             Requested size: 469.75502pt x 352.33656pt.

<../graph/absolute/2.pdf, id=21, 462.52798pt x 346.89601pt>
File: ../graph/absolute/2.pdf Graphic file (type pdf)

<use ../graph/absolute/2.pdf>
Package pdftex.def Info: ../graph/absolute/2.pdf used on input line 183.
(pdftex.def)             Requested size: 469.75502pt x 352.33656pt.


pdfTeX warning: pdflatex (file ./pictures/relative_01.pdf): PDF inclusion: foun
d PDF version <1.7>, but at most version <1.5> allowed
<./pictures/relative_01.pdf, id=22, 614.295pt x 794.97pt>
File: ./pictures/relative_01.pdf Graphic file (type pdf)

<use ./pictures/relative_01.pdf>
Package pdftex.def Info: ./pictures/relative_01.pdf used on input line 189.
(pdftex.def)             Requested size: 469.75502pt x 607.9196pt.


pdfTeX warning: pdflatex (file ./pictures/relative_02.pdf): PDF inclusion: foun
d PDF version <1.7>, but at most version <1.5> allowed
<./pictures/relative_02.pdf, id=23, 614.295pt x 794.97pt>
File: ./pictures/relative_02.pdf Graphic file (type pdf)

<use ./pictures/relative_02.pdf>
Package pdftex.def Info: ./pictures/relative_02.pdf used on input line 195.
(pdftex.def)             Requested size: 469.75502pt x 607.9196pt.


pdfTeX warning: pdflatex (file ./pictures/relative_12.pdf): PDF inclusion: foun
d PDF version <1.7>, but at most version <1.5> allowed
<./pictures/relative_12.pdf, id=24, 614.295pt x 794.97pt>
File: ./pictures/relative_12.pdf Graphic file (type pdf)

<use ./pictures/relative_12.pdf>
Package pdftex.def Info: ./pictures/relative_12.pdf used on input line 201.
(pdftex.def)             Requested size: 469.75502pt x 607.9196pt.


pdfTeX warning: pdflatex (file ./pictures/absolute_012.pdf): PDF inclusion: fou
nd PDF version <1.7>, but at most version <1.5> allowed
<./pictures/absolute_012.pdf, id=25, 614.295pt x 794.97pt>
File: ./pictures/absolute_012.pdf Graphic file (type pdf)

<use ./pictures/absolute_012.pdf>
Package pdftex.def Info: ./pictures/absolute_012.pdf used on input line 207.
(pdftex.def)             Requested size: 469.75502pt x 607.9196pt.
 [3] [4 <../graph/graphs/0.pdf>] [5 <../graph/graphs/1.pdf>] [6 <../graph/graph
s/2.pdf>] [7 <../graph/absolute/0.pdf>]
[8 <../graph/absolute/1.pdf>] [9 <../graph/absolute/2.pdf>] [10 <./pictures/rel
ative_01.pdf>] [11 <./pictures/relative_02.pdf>] [12 <./pictures/relative_12.pd
f>] [13 <./pictures/absolute_012.pdf>]
<../graph/graphs/7.pdf, id=303, 462.52798pt x 346.89601pt>
File: ../graph/graphs/7.pdf Graphic file (type pdf)

<use ../graph/graphs/7.pdf>
Package pdftex.def Info: ../graph/graphs/7.pdf used on input line 246.
(pdftex.def)             Requested size: 469.75502pt x 352.33656pt.

<../graph/absolute/7.pdf, id=304, 462.52798pt x 346.89601pt>
File: ../graph/absolute/7.pdf Graphic file (type pdf)

<use ../graph/absolute/7.pdf>
Package pdftex.def Info: ../graph/absolute/7.pdf used on input line 252.
(pdftex.def)             Requested size: 469.75502pt x 352.33656pt.


pdfTeX warning: pdflatex (file ./pictures/stat_rel_bonus.pdf): PDF inclusion: f
ound PDF version <1.7>, but at most version <1.5> allowed
<./pictures/stat_rel_bonus.pdf, id=305, 614.295pt x 794.97pt>
File: ./pictures/stat_rel_bonus.pdf Graphic file (type pdf)

<use ./pictures/stat_rel_bonus.pdf>
Package pdftex.def Info: ./pictures/stat_rel_bonus.pdf used on input line 258.
(pdftex.def)             Requested size: 469.75502pt x 607.9196pt.
 [14 <../graph/graphs/7.pdf>] [15 <../graph/absolute/7.pdf>] [16 <./pictures/st
at_rel_bonus.pdf>] (./report_a.aux) ) 
Here is how much of TeX's memory you used:
 5216 strings out of 493029
 75985 string characters out of 6136234
 173270 words of memory out of 5000000
 8620 multiletter control sequences out of 15000+600000
 9369 words of font info for 34 fonts, out of 8000000 for 9000
 1141 hyphenation exceptions out of 8191
 43i,7n,38p,1021b,276s stack positions out of 5000i,500n,10000p,200000b,80000s
</usr/share/texlive/texmf-dist/fonts/type1
/public/amsfonts/cm/cmbx10.pfb></usr/share/texlive/texmf-dist/fonts/type1/publi
c/amsfonts/cm/cmbx12.pfb></usr/share/texlive/texmf-dist/fonts/type1/public/amsf
onts/cm/cmmi10.pfb></usr/share/texlive/texmf-dist/fonts/type1/public/amsfonts/c
m/cmr10.pfb></usr/share/texlive/texmf-dist/fonts/type1/public/amsfonts/cm/cmr12
.pfb></usr/share/texlive/texmf-dist/fonts/type1/public/amsfonts/cm/cmr17.pfb></
usr/share/texlive/texmf-dist/fonts/type1/public/amsfonts/cm/cmsy10.pfb></usr/sh
are/texlive/texmf-dist/fonts/type1/public/amsfonts/cm/cmti10.pfb>
Output written on report_a.pdf (16 pages, 1632013 bytes).
PDF statistics:
 415 PDF objects out of 1000 (max. 8388607)
 174 compressed objects within 2 object streams
 0 named destinations out of 1000 (max. 500000)
 66 words of extra memory for PDF output out of 10000 (max. 10000000)

